BASH=/usr/bin/bash
BASHOPTS=checkwinsize:cmdhist:complete_fullquote:extquote:force_fignore:globasciiranges:globskipdots:hostcomplete:interactive_comments:login_shell:patsub_replacement:progcomp:promptvars:sourcepath
BASH_ALIASES=()
BASH_ARGC=([0]="1")
BASH_ARGV=([0]="pipefail")
BASH_CMDS=()
BASH_EXECUTION_STRING=set
BASH_LINENO=()
BASH_LOADABLES_PATH=/usr/local/lib/bash:/usr/lib/bash:/opt/local/lib/bash:/usr/pkg/lib/bash:/opt/pkg/lib/bash:.
BASH_SOURCE=()
BASH_VERSINFO=([0]="5" [1]="2" [2]="21" [3]="1" [4]="release" [5]="aarch64-unknown-linux-gnu")
BASH_VERSION='5.2.21(1)-release'
DBUS_SESSION_BUS_ADDRESS=unix:path=/run/user/1000/bus
DIRSTACK=()
EUID=1000
GROUPS=()
HOME=/home/ubuntu
HOSTNAME=pi3
HOSTTYPE=aarch64
IFS=$' \t\n'
LANG=en_US.UTF-8
LC_ALL=en_US.UTF-8
LOGNAME=ubuntu
MACHTYPE=aarch64-unknown-linux-gnu
OPTERR=1
OPTIND=1
OSTYPE=linux-gnu
PATH=/usr/local/sbin:/usr/local/bin:/usr/sbin:/usr/bin:/sbin:/bin:/usr/games:/usr/local/games:/snap/bin
PIPESTATUS=([0]="1")
PPID=1822
PS4='+ '
PWD=/home/ubuntu
SHELL=/bin/bash
SHELLOPTS=braceexpand:hashall:interactive-comments
SHLVL=2
SSH_CLIENT='192.168.199.4 41960 22'
SSH_CONNECTION='192.168.199.4 41960 192.168.199.23 22'
TERM=dumb
UID=1000
USER=ubuntu
XDG_DATA_DIRS=/usr/local/share:/usr/share:/var/lib/snapd/desktop
XDG_RUNTIME_DIR=/run/user/1000
XDG_SESSION_CLASS=user
XDG_SESSION_ID=9
XDG_SESSION_TYPE=tty
_=']'
snap_bin_path=/snap/bin
snap_xdg_path=/var/lib/snapd/desktop
gawklibpath_append () 
{ 
    [ -z "$AWKLIBPATH" ] && AWKLIBPATH=`gawk 'BEGIN {print ENVIRON["AWKLIBPATH"]}'`;
    export AWKLIBPATH="$AWKLIBPATH:$*"
}
gawklibpath_default () 
{ 
    unset AWKLIBPATH;
    export AWKLIBPATH=`gawk 'BEGIN {print ENVIRON["AWKLIBPATH"]}'`
}
gawklibpath_prepend () 
{ 
    [ -z "$AWKLIBPATH" ] && AWKLIBPATH=`gawk 'BEGIN {print ENVIRON["AWKLIBPATH"]}'`;
    export AWKLIBPATH="$*:$AWKLIBPATH"
}
gawkpath_append () 
{ 
    [ -z "$AWKPATH" ] && AWKPATH=`gawk 'BEGIN {print ENVIRON["AWKPATH"]}'`;
    export AWKPATH="$AWKPATH:$*"
}
gawkpath_default () 
{ 
    unset AWKPATH;
    export AWKPATH=`gawk 'BEGIN {print ENVIRON["AWKPATH"]}'`
}
gawkpath_prepend () 
{ 
    [ -z "$AWKPATH" ] && AWKPATH=`gawk 'BEGIN {print ENVIRON["AWKPATH"]}'`;
    export AWKPATH="$*:$AWKPATH"
}
No Dockerfile for pi3 at Dockerfiles/pi3/Dockerfile
